<?xml version="1.0" encoding="UTF-8"?>
<testsuite xmlns:xsi="http://www.w3.org/2001/XMLSchema-instance" xsi:noNamespaceSchemaLocation="https://maven.apache.org/surefire/maven-surefire-plugin/xsd/surefire-test-report-3.0.xsd" version="3.0" name="gov.payeejdbc.payeejdbc.MainTest" time="3.418" tests="1" errors="0" skipped="0" failures="0">
  <properties>
    <property name="sun.desktop" value="windows"/>
    <property name="awt.toolkit" value="sun.awt.windows.WToolkit"/>
    <property name="java.specification.version" value="11"/>
    <property name="sun.cpu.isalist" value="amd64"/>
    <property name="jersey.config.allowSystemPropertiesProvider" value="true"/>
    <property name="sun.jnu.encoding" value="Cp1252"/>
    <property name="java.class.path" value="D:\Rakesh\PAYEE\payeejdbc\target\test-classes;D:\Rakesh\PAYEE\payeejdbc\target\classes;C:\Users\DELL\.m2\repository\io\helidon\microprofile\bundles\helidon-microprofile-core\2.5.2\helidon-microprofile-core-2.5.2.jar;C:\Users\DELL\.m2\repository\io\helidon\microprofile\server\helidon-microprofile-server\2.5.2\helidon-microprofile-server-2.5.2.jar;C:\Users\DELL\.m2\repository\io\helidon\microprofile\cdi\helidon-microprofile-cdi\2.5.2\helidon-microprofile-cdi-2.5.2.jar;C:\Users\DELL\.m2\repository\io\helidon\microprofile\weld\weld-se-core\2.5.2\weld-se-core-2.5.2.jar;C:\Users\DELL\.m2\repository\io\helidon\microprofile\weld\weld-core-impl\2.5.2\weld-core-impl-2.5.2.jar;C:\Users\DELL\.m2\repository\org\jboss\weld\environment\weld-environment-common\3.1.6.Final\weld-environment-common-3.1.6.Final.jar;C:\Users\DELL\.m2\repository\org\jboss\weld\weld-api\3.1.SP2\weld-api-3.1.SP2.jar;C:\Users\DELL\.m2\repository\org\jboss\weld\weld-spi\3.1.SP2\weld-spi-3.1.SP2.jar;C:\Users\DELL\.m2\repository\org\jboss\classfilewriter\jboss-classfilewriter\1.2.5.Final\jboss-classfilewriter-1.2.5.Final.jar;C:\Users\DELL\.m2\repository\io\helidon\webserver\helidon-webserver-static-content\2.5.2\helidon-webserver-static-content-2.5.2.jar;C:\Users\DELL\.m2\repository\io\helidon\common\helidon-common-media-type\2.5.2\helidon-common-media-type-2.5.2.jar;C:\Users\DELL\.m2\repository\io\helidon\common\helidon-common-service-loader\2.5.2\helidon-common-service-loader-2.5.2.jar;C:\Users\DELL\.m2\repository\jakarta\interceptor\jakarta.interceptor-api\1.2.5\jakarta.interceptor-api-1.2.5.jar;C:\Users\DELL\.m2\repository\io\helidon\config\helidon-config-yaml\2.5.2\helidon-config-yaml-2.5.2.jar;C:\Users\DELL\.m2\repository\org\glassfish\jersey\ext\cdi\jersey-weld2-se\2.35\jersey-weld2-se-2.35.jar;C:\Users\DELL\.m2\repository\org\glassfish\jersey\ext\cdi\jersey-cdi1x\2.35\jersey-cdi1x-2.35.jar;C:\Users\DELL\.m2\repository\io\helidon\jersey\helidon-jersey-media-jsonp\2.5.2\helidon-jersey-media-jsonp-2.5.2.jar;C:\Users\DELL\.m2\repository\org\glassfish\jersey\media\jersey-media-json-processing\2.35\jersey-media-json-processing-2.35.jar;C:\Users\DELL\.m2\repository\org\glassfish\jsonp-jaxrs\1.1.6\jsonp-jaxrs-1.1.6.jar;C:\Users\DELL\.m2\repository\io\helidon\microprofile\config\helidon-microprofile-config\2.5.2\helidon-microprofile-config-2.5.2.jar;C:\Users\DELL\.m2\repository\io\helidon\config\helidon-config-encryption\2.5.2\helidon-config-encryption-2.5.2.jar;C:\Users\DELL\.m2\repository\io\helidon\common\helidon-common-crypto\2.5.2\helidon-common-crypto-2.5.2.jar;C:\Users\DELL\.m2\repository\io\helidon\config\helidon-config-object-mapping\2.5.2\helidon-config-object-mapping-2.5.2.jar;C:\Users\DELL\.m2\repository\io\helidon\microprofile\metrics\helidon-microprofile-metrics\2.5.2\helidon-microprofile-metrics-2.5.2.jar;C:\Users\DELL\.m2\repository\io\helidon\service-common\helidon-service-common-rest-cdi\2.5.2\helidon-service-common-rest-cdi-2.5.2.jar;C:\Users\DELL\.m2\repository\io\helidon\service-common\helidon-service-common-rest\2.5.2\helidon-service-common-rest-2.5.2.jar;C:\Users\DELL\.m2\repository\io\helidon\metrics\helidon-metrics-api\2.5.2\helidon-metrics-api-2.5.2.jar;C:\Users\DELL\.m2\repository\io\helidon\config\helidon-config\2.5.2\helidon-config-2.5.2.jar;C:\Users\DELL\.m2\repository\io\helidon\config\helidon-config-metadata\2.5.2\helidon-config-metadata-2.5.2.jar;C:\Users\DELL\.m2\repository\io\helidon\metrics\helidon-metrics-service-api\2.5.2\helidon-metrics-service-api-2.5.2.jar;C:\Users\DELL\.m2\repository\io\helidon\common\helidon-common\2.5.2\helidon-common-2.5.2.jar;C:\Users\DELL\.m2\repository\io\helidon\metrics\helidon-metrics\2.5.2\helidon-metrics-2.5.2.jar;C:\Users\DELL\.m2\repository\io\helidon\common\helidon-common-configurable\2.5.2\helidon-common-configurable-2.5.2.jar;C:\Users\DELL\.m2\repository\org\eclipse\microprofile\metrics\microprofile-metrics-api\2.3.2\microprofile-metrics-api-2.3.2.jar;C:\Users\DELL\.m2\repository\io\helidon\microprofile\health\helidon-microprofile-health\2.5.2\helidon-microprofile-health-2.5.2.jar;C:\Users\DELL\.m2\repository\io\helidon\health\helidon-health\2.5.2\helidon-health-2.5.2.jar;C:\Users\DELL\.m2\repository\io\helidon\fault-tolerance\helidon-fault-tolerance\2.5.2\helidon-fault-tolerance-2.5.2.jar;C:\Users\DELL\.m2\repository\org\eclipse\microprofile\config\microprofile-config-api\1.4\microprofile-config-api-1.4.jar;C:\Users\DELL\.m2\repository\org\eclipse\microprofile\health\microprofile-health-api\2.2\microprofile-health-api-2.2.jar;C:\Users\DELL\.m2\repository\io\helidon\health\helidon-health-common\2.5.2\helidon-health-common-2.5.2.jar;C:\Users\DELL\.m2\repository\io\helidon\media\helidon-media-jsonp\2.5.2\helidon-media-jsonp-2.5.2.jar;C:\Users\DELL\.m2\repository\io\helidon\common\helidon-common-http\2.5.2\helidon-common-http-2.5.2.jar;C:\Users\DELL\.m2\repository\io\helidon\common\helidon-common-reactive\2.5.2\helidon-common-reactive-2.5.2.jar;C:\Users\DELL\.m2\repository\io\helidon\media\helidon-media-common\2.5.2\helidon-media-common-2.5.2.jar;C:\Users\DELL\.m2\repository\io\helidon\common\helidon-common-mapper\2.5.2\helidon-common-mapper-2.5.2.jar;C:\Users\DELL\.m2\repository\org\glassfish\jakarta.json\1.1.6\jakarta.json-1.1.6.jar;C:\Users\DELL\.m2\repository\org\jboss\jandex\2.3.1.Final\jandex-2.3.1.Final.jar;C:\Users\DELL\.m2\repository\org\junit\jupiter\junit-jupiter-api\5.7.0\junit-jupiter-api-5.7.0.jar;C:\Users\DELL\.m2\repository\org\apiguardian\apiguardian-api\1.1.0\apiguardian-api-1.1.0.jar;C:\Users\DELL\.m2\repository\org\opentest4j\opentest4j\1.2.0\opentest4j-1.2.0.jar;C:\Users\DELL\.m2\repository\org\junit\platform\junit-platform-commons\1.7.0\junit-platform-commons-1.7.0.jar;C:\Users\DELL\.m2\repository\io\helidon\microprofile\tests\helidon-microprofile-tests-junit5\2.5.2\helidon-microprofile-tests-junit5-2.5.2.jar;C:\Users\DELL\.m2\repository\io\helidon\jersey\helidon-jersey-client\2.5.2\helidon-jersey-client-2.5.2.jar;C:\Users\DELL\.m2\repository\org\glassfish\jersey\core\jersey-client\2.35\jersey-client-2.35.jar;C:\Users\DELL\.m2\repository\org\glassfish\jersey\inject\jersey-hk2\2.35\jersey-hk2-2.35.jar;C:\Users\DELL\.m2\repository\org\glassfish\hk2\hk2-locator\2.6.1\hk2-locator-2.6.1.jar;C:\Users\DELL\.m2\repository\org\glassfish\hk2\external\aopalliance-repackaged\2.6.1\aopalliance-repackaged-2.6.1.jar;C:\Users\DELL\.m2\repository\org\glassfish\hk2\hk2-api\2.6.1\hk2-api-2.6.1.jar;C:\Users\DELL\.m2\repository\org\glassfish\hk2\hk2-utils\2.6.1\hk2-utils-2.6.1.jar;C:\Users\DELL\.m2\repository\org\javassist\javassist\3.25.0-GA\javassist-3.25.0-GA.jar;C:\Users\DELL\.m2\repository\jakarta\xml\bind\jakarta.xml.bind-api\2.3.3\jakarta.xml.bind-api-2.3.3.jar;C:\Users\DELL\.m2\repository\jakarta\inject\jakarta.inject-api\1.0\jakarta.inject-api-1.0.jar;C:\Users\DELL\.m2\repository\io\helidon\config\helidon-config-yaml-mp\2.5.2\helidon-config-yaml-mp-2.5.2.jar;C:\Users\DELL\.m2\repository\jakarta\annotation\jakarta.annotation-api\1.3.5\jakarta.annotation-api-1.3.5.jar;C:\Users\DELL\.m2\repository\org\json\json\20180813\json-20180813.jar;C:\Users\DELL\.m2\repository\io\helidon\integrations\cdi\helidon-integrations-cdi-datasource-ucp\2.5.2\helidon-integrations-cdi-datasource-ucp-2.5.2.jar;C:\Users\DELL\.m2\repository\io\helidon\integrations\cdi\helidon-integrations-cdi-datasource\2.5.2\helidon-integrations-cdi-datasource-2.5.2.jar;C:\Users\DELL\.m2\repository\com\oracle\database\jdbc\ojdbc8\21.3.0.0\ojdbc8-21.3.0.0.jar;C:\Users\DELL\.m2\repository\com\oracle\database\jdbc\ucp\21.3.0.0\ucp-21.3.0.0.jar;C:\Users\DELL\.m2\repository\com\oracle\database\jdbc\rsi\21.3.0.0\rsi-21.3.0.0.jar;C:\Users\DELL\.m2\repository\com\oracle\database\security\oraclepki\21.3.0.0\oraclepki-21.3.0.0.jar;C:\Users\DELL\.m2\repository\com\oracle\database\security\osdt_core\21.3.0.0\osdt_core-21.3.0.0.jar;C:\Users\DELL\.m2\repository\com\oracle\database\security\osdt_cert\21.3.0.0\osdt_cert-21.3.0.0.jar;C:\Users\DELL\.m2\repository\com\oracle\database\ha\simplefan\21.3.0.0\simplefan-21.3.0.0.jar;C:\Users\DELL\.m2\repository\com\oracle\database\ha\ons\21.3.0.0\ons-21.3.0.0.jar;C:\Users\DELL\.m2\repository\com\oracle\database\nls\orai18n\21.3.0.0\orai18n-21.3.0.0.jar;C:\Users\DELL\.m2\repository\com\oracle\database\xml\xdb\21.3.0.0\xdb-21.3.0.0.jar;C:\Users\DELL\.m2\repository\com\oracle\database\xml\xmlparserv2\21.3.0.0\xmlparserv2-21.3.0.0.jar;C:\Users\DELL\.m2\repository\io\helidon\microprofile\rest-client\helidon-microprofile-rest-client\2.5.2\helidon-microprofile-rest-client-2.5.2.jar;C:\Users\DELL\.m2\repository\org\eclipse\microprofile\rest\client\microprofile-rest-client-api\2.0\microprofile-rest-client-api-2.0.jar;C:\Users\DELL\.m2\repository\io\helidon\common\helidon-common-context\2.5.2\helidon-common-context-2.5.2.jar;C:\Users\DELL\.m2\repository\org\glassfish\jersey\ext\microprofile\jersey-mp-rest-client\2.35\jersey-mp-rest-client-2.35.jar;C:\Users\DELL\.m2\repository\org\reactivestreams\reactive-streams\1.0.3\reactive-streams-1.0.3.jar;C:\Users\DELL\.m2\repository\org\glassfish\jersey\media\jersey-media-sse\2.35\jersey-media-sse-2.35.jar;C:\Users\DELL\.m2\repository\jakarta\ws\rs\jakarta.ws.rs-api\2.1.6\jakarta.ws.rs-api-2.1.6.jar;C:\Users\DELL\.m2\repository\com\fasterxml\jackson\core\jackson-databind\2.13.2.2\jackson-databind-2.13.2.2.jar;C:\Users\DELL\.m2\repository\com\fasterxml\jackson\core\jackson-annotations\2.13.2\jackson-annotations-2.13.2.jar;C:\Users\DELL\.m2\repository\com\fasterxml\jackson\core\jackson-core\2.13.2\jackson-core-2.13.2.jar;C:\Users\DELL\.m2\repository\io\helidon\microprofile\helidon-microprofile-cors\2.5.2\helidon-microprofile-cors-2.5.2.jar;C:\Users\DELL\.m2\repository\io\helidon\jersey\helidon-jersey-common\2.5.2\helidon-jersey-common-2.5.2.jar;C:\Users\DELL\.m2\repository\io\helidon\webserver\helidon-webserver\2.5.2\helidon-webserver-2.5.2.jar;C:\Users\DELL\.m2\repository\io\helidon\common\helidon-common-key-util\2.5.2\helidon-common-key-util-2.5.2.jar;C:\Users\DELL\.m2\repository\io\helidon\logging\helidon-logging-common\2.5.2\helidon-logging-common-2.5.2.jar;C:\Users\DELL\.m2\repository\io\opentracing\opentracing-util\0.33.0\opentracing-util-0.33.0.jar;C:\Users\DELL\.m2\repository\io\opentracing\opentracing-api\0.33.0\opentracing-api-0.33.0.jar;C:\Users\DELL\.m2\repository\io\opentracing\opentracing-noop\0.33.0\opentracing-noop-0.33.0.jar;C:\Users\DELL\.m2\repository\io\helidon\tracing\helidon-tracing-config\2.5.2\helidon-tracing-config-2.5.2.jar;C:\Users\DELL\.m2\repository\io\netty\netty-codec-http\4.1.77.Final\netty-codec-http-4.1.77.Final.jar;C:\Users\DELL\.m2\repository\io\netty\netty-common\4.1.77.Final\netty-common-4.1.77.Final.jar;C:\Users\DELL\.m2\repository\io\netty\netty-transport\4.1.77.Final\netty-transport-4.1.77.Final.jar;C:\Users\DELL\.m2\repository\io\netty\netty-codec\4.1.77.Final\netty-codec-4.1.77.Final.jar;C:\Users\DELL\.m2\repository\io\netty\netty-codec-http2\4.1.77.Final\netty-codec-http2-4.1.77.Final.jar;C:\Users\DELL\.m2\repository\io\netty\netty-handler\4.1.77.Final\netty-handler-4.1.77.Final.jar;C:\Users\DELL\.m2\repository\io\netty\netty-resolver\4.1.77.Final\netty-resolver-4.1.77.Final.jar;C:\Users\DELL\.m2\repository\io\helidon\webserver\helidon-webserver-jersey\2.5.2\helidon-webserver-jersey-2.5.2.jar;C:\Users\DELL\.m2\repository\io\helidon\jersey\helidon-jersey-server\2.5.2\helidon-jersey-server-2.5.2.jar;C:\Users\DELL\.m2\repository\org\glassfish\jersey\core\jersey-server\2.35\jersey-server-2.35.jar;C:\Users\DELL\.m2\repository\jakarta\validation\jakarta.validation-api\2.0.2\jakarta.validation-api-2.0.2.jar;C:\Users\DELL\.m2\repository\io\netty\netty-buffer\4.1.77.Final\netty-buffer-4.1.77.Final.jar;C:\Users\DELL\.m2\repository\io\helidon\webserver\helidon-webserver-cors\2.5.2\helidon-webserver-cors-2.5.2.jar;C:\Users\DELL\.m2\repository\io\helidon\config\helidon-config-mp\2.5.2\helidon-config-mp-2.5.2.jar;C:\Users\DELL\.m2\repository\jakarta\enterprise\jakarta.enterprise.cdi-api\2.0.2\jakarta.enterprise.cdi-api-2.0.2.jar;C:\Users\DELL\.m2\repository\jakarta\el\jakarta.el-api\3.0.3\jakarta.el-api-3.0.3.jar;C:\Users\DELL\.m2\repository\io\helidon\microprofile\openapi\helidon-microprofile-openapi\2.5.2\helidon-microprofile-openapi-2.5.2.jar;C:\Users\DELL\.m2\repository\io\helidon\openapi\helidon-openapi\2.5.2\helidon-openapi-2.5.2.jar;C:\Users\DELL\.m2\repository\io\smallrye\smallrye-open-api-core\2.0.26\smallrye-open-api-core-2.0.26.jar;C:\Users\DELL\.m2\repository\org\jboss\logging\jboss-logging\3.2.1.Final\jboss-logging-3.2.1.Final.jar;C:\Users\DELL\.m2\repository\io\smallrye\smallrye-open-api-jaxrs\2.0.26\smallrye-open-api-jaxrs-2.0.26.jar;C:\Users\DELL\.m2\repository\org\eclipse\yasson\1.0.11\yasson-1.0.11.jar;C:\Users\DELL\.m2\repository\jakarta\json\bind\jakarta.json.bind-api\1.0.2\jakarta.json.bind-api-1.0.2.jar;C:\Users\DELL\.m2\repository\org\glassfish\jakarta.json\1.1.6\jakarta.json-1.1.6-module.jar;C:\Users\DELL\.m2\repository\org\yaml\snakeyaml\1.30\snakeyaml-1.30.jar;C:\Users\DELL\.m2\repository\org\eclipse\microprofile\openapi\microprofile-openapi-api\1.2\microprofile-openapi-api-1.2.jar;C:\Users\DELL\.m2\repository\org\projectlombok\lombok\1.18.24\lombok-1.18.24.jar;C:\Users\DELL\.m2\repository\org\glassfish\jersey\media\jersey-media-json-jackson\2.35\jersey-media-json-jackson-2.35.jar;C:\Users\DELL\.m2\repository\org\glassfish\jersey\core\jersey-common\2.35\jersey-common-2.35.jar;C:\Users\DELL\.m2\repository\org\glassfish\hk2\external\jakarta.inject\2.6.1\jakarta.inject-2.6.1.jar;C:\Users\DELL\.m2\repository\org\glassfish\hk2\osgi-resource-locator\1.0.3\osgi-resource-locator-1.0.3.jar;C:\Users\DELL\.m2\repository\org\glassfish\jersey\ext\jersey-entity-filtering\2.35\jersey-entity-filtering-2.35.jar;C:\Users\DELL\.m2\repository\com\fasterxml\jackson\module\jackson-module-jaxb-annotations\2.13.2\jackson-module-jaxb-annotations-2.13.2.jar;C:\Users\DELL\.m2\repository\jakarta\activation\jakarta.activation-api\1.2.2\jakarta.activation-api-1.2.2.jar;"/>
    <property name="java.vm.vendor" value="Oracle Corporation"/>
    <property name="sun.arch.data.model" value="64"/>
    <property name="user.variant" value=""/>
    <property name="java.vendor.url" value="https://openjdk.java.net/"/>
    <property name="user.timezone" value="Asia/Calcutta"/>
    <property name="java.vm.specification.version" value="11"/>
    <property name="os.name" value="Windows 10"/>
    <property name="sun.java.launcher" value="SUN_STANDARD"/>
    <property name="user.country" value="US"/>
    <property name="sun.boot.library.path" value="C:\Program Files\Java\jdk-11.0.14\bin"/>
    <property name="sun.java.command" value="C:\Users\DELL\AppData\Local\Temp\surefire3993252765346091153\surefirebooter6739549161114172088.jar C:\Users\DELL\AppData\Local\Temp\surefire3993252765346091153 2022-09-13T12-06-28_518-jvmRun1 surefire5965764179310055390tmp surefire_04709757001141240798tmp"/>
    <property name="jdk.debug" value="release"/>
    <property name="surefire.test.class.path" value="D:\Rakesh\PAYEE\payeejdbc\target\test-classes;D:\Rakesh\PAYEE\payeejdbc\target\classes;C:\Users\DELL\.m2\repository\io\helidon\microprofile\bundles\helidon-microprofile-core\2.5.2\helidon-microprofile-core-2.5.2.jar;C:\Users\DELL\.m2\repository\io\helidon\microprofile\server\helidon-microprofile-server\2.5.2\helidon-microprofile-server-2.5.2.jar;C:\Users\DELL\.m2\repository\io\helidon\microprofile\cdi\helidon-microprofile-cdi\2.5.2\helidon-microprofile-cdi-2.5.2.jar;C:\Users\DELL\.m2\repository\io\helidon\microprofile\weld\weld-se-core\2.5.2\weld-se-core-2.5.2.jar;C:\Users\DELL\.m2\repository\io\helidon\microprofile\weld\weld-core-impl\2.5.2\weld-core-impl-2.5.2.jar;C:\Users\DELL\.m2\repository\org\jboss\weld\environment\weld-environment-common\3.1.6.Final\weld-environment-common-3.1.6.Final.jar;C:\Users\DELL\.m2\repository\org\jboss\weld\weld-api\3.1.SP2\weld-api-3.1.SP2.jar;C:\Users\DELL\.m2\repository\org\jboss\weld\weld-spi\3.1.SP2\weld-spi-3.1.SP2.jar;C:\Users\DELL\.m2\repository\org\jboss\classfilewriter\jboss-classfilewriter\1.2.5.Final\jboss-classfilewriter-1.2.5.Final.jar;C:\Users\DELL\.m2\repository\io\helidon\webserver\helidon-webserver-static-content\2.5.2\helidon-webserver-static-content-2.5.2.jar;C:\Users\DELL\.m2\repository\io\helidon\common\helidon-common-media-type\2.5.2\helidon-common-media-type-2.5.2.jar;C:\Users\DELL\.m2\repository\io\helidon\common\helidon-common-service-loader\2.5.2\helidon-common-service-loader-2.5.2.jar;C:\Users\DELL\.m2\repository\jakarta\interceptor\jakarta.interceptor-api\1.2.5\jakarta.interceptor-api-1.2.5.jar;C:\Users\DELL\.m2\repository\io\helidon\config\helidon-config-yaml\2.5.2\helidon-config-yaml-2.5.2.jar;C:\Users\DELL\.m2\repository\org\glassfish\jersey\ext\cdi\jersey-weld2-se\2.35\jersey-weld2-se-2.35.jar;C:\Users\DELL\.m2\repository\org\glassfish\jersey\ext\cdi\jersey-cdi1x\2.35\jersey-cdi1x-2.35.jar;C:\Users\DELL\.m2\repository\io\helidon\jersey\helidon-jersey-media-jsonp\2.5.2\helidon-jersey-media-jsonp-2.5.2.jar;C:\Users\DELL\.m2\repository\org\glassfish\jersey\media\jersey-media-json-processing\2.35\jersey-media-json-processing-2.35.jar;C:\Users\DELL\.m2\repository\org\glassfish\jsonp-jaxrs\1.1.6\jsonp-jaxrs-1.1.6.jar;C:\Users\DELL\.m2\repository\io\helidon\microprofile\config\helidon-microprofile-config\2.5.2\helidon-microprofile-config-2.5.2.jar;C:\Users\DELL\.m2\repository\io\helidon\config\helidon-config-encryption\2.5.2\helidon-config-encryption-2.5.2.jar;C:\Users\DELL\.m2\repository\io\helidon\common\helidon-common-crypto\2.5.2\helidon-common-crypto-2.5.2.jar;C:\Users\DELL\.m2\repository\io\helidon\config\helidon-config-object-mapping\2.5.2\helidon-config-object-mapping-2.5.2.jar;C:\Users\DELL\.m2\repository\io\helidon\microprofile\metrics\helidon-microprofile-metrics\2.5.2\helidon-microprofile-metrics-2.5.2.jar;C:\Users\DELL\.m2\repository\io\helidon\service-common\helidon-service-common-rest-cdi\2.5.2\helidon-service-common-rest-cdi-2.5.2.jar;C:\Users\DELL\.m2\repository\io\helidon\service-common\helidon-service-common-rest\2.5.2\helidon-service-common-rest-2.5.2.jar;C:\Users\DELL\.m2\repository\io\helidon\metrics\helidon-metrics-api\2.5.2\helidon-metrics-api-2.5.2.jar;C:\Users\DELL\.m2\repository\io\helidon\config\helidon-config\2.5.2\helidon-config-2.5.2.jar;C:\Users\DELL\.m2\repository\io\helidon\config\helidon-config-metadata\2.5.2\helidon-config-metadata-2.5.2.jar;C:\Users\DELL\.m2\repository\io\helidon\metrics\helidon-metrics-service-api\2.5.2\helidon-metrics-service-api-2.5.2.jar;C:\Users\DELL\.m2\repository\io\helidon\common\helidon-common\2.5.2\helidon-common-2.5.2.jar;C:\Users\DELL\.m2\repository\io\helidon\metrics\helidon-metrics\2.5.2\helidon-metrics-2.5.2.jar;C:\Users\DELL\.m2\repository\io\helidon\common\helidon-common-configurable\2.5.2\helidon-common-configurable-2.5.2.jar;C:\Users\DELL\.m2\repository\org\eclipse\microprofile\metrics\microprofile-metrics-api\2.3.2\microprofile-metrics-api-2.3.2.jar;C:\Users\DELL\.m2\repository\io\helidon\microprofile\health\helidon-microprofile-health\2.5.2\helidon-microprofile-health-2.5.2.jar;C:\Users\DELL\.m2\repository\io\helidon\health\helidon-health\2.5.2\helidon-health-2.5.2.jar;C:\Users\DELL\.m2\repository\io\helidon\fault-tolerance\helidon-fault-tolerance\2.5.2\helidon-fault-tolerance-2.5.2.jar;C:\Users\DELL\.m2\repository\org\eclipse\microprofile\config\microprofile-config-api\1.4\microprofile-config-api-1.4.jar;C:\Users\DELL\.m2\repository\org\eclipse\microprofile\health\microprofile-health-api\2.2\microprofile-health-api-2.2.jar;C:\Users\DELL\.m2\repository\io\helidon\health\helidon-health-common\2.5.2\helidon-health-common-2.5.2.jar;C:\Users\DELL\.m2\repository\io\helidon\media\helidon-media-jsonp\2.5.2\helidon-media-jsonp-2.5.2.jar;C:\Users\DELL\.m2\repository\io\helidon\common\helidon-common-http\2.5.2\helidon-common-http-2.5.2.jar;C:\Users\DELL\.m2\repository\io\helidon\common\helidon-common-reactive\2.5.2\helidon-common-reactive-2.5.2.jar;C:\Users\DELL\.m2\repository\io\helidon\media\helidon-media-common\2.5.2\helidon-media-common-2.5.2.jar;C:\Users\DELL\.m2\repository\io\helidon\common\helidon-common-mapper\2.5.2\helidon-common-mapper-2.5.2.jar;C:\Users\DELL\.m2\repository\org\glassfish\jakarta.json\1.1.6\jakarta.json-1.1.6.jar;C:\Users\DELL\.m2\repository\org\jboss\jandex\2.3.1.Final\jandex-2.3.1.Final.jar;C:\Users\DELL\.m2\repository\org\junit\jupiter\junit-jupiter-api\5.7.0\junit-jupiter-api-5.7.0.jar;C:\Users\DELL\.m2\repository\org\apiguardian\apiguardian-api\1.1.0\apiguardian-api-1.1.0.jar;C:\Users\DELL\.m2\repository\org\opentest4j\opentest4j\1.2.0\opentest4j-1.2.0.jar;C:\Users\DELL\.m2\repository\org\junit\platform\junit-platform-commons\1.7.0\junit-platform-commons-1.7.0.jar;C:\Users\DELL\.m2\repository\io\helidon\microprofile\tests\helidon-microprofile-tests-junit5\2.5.2\helidon-microprofile-tests-junit5-2.5.2.jar;C:\Users\DELL\.m2\repository\io\helidon\jersey\helidon-jersey-client\2.5.2\helidon-jersey-client-2.5.2.jar;C:\Users\DELL\.m2\repository\org\glassfish\jersey\core\jersey-client\2.35\jersey-client-2.35.jar;C:\Users\DELL\.m2\repository\org\glassfish\jersey\inject\jersey-hk2\2.35\jersey-hk2-2.35.jar;C:\Users\DELL\.m2\repository\org\glassfish\hk2\hk2-locator\2.6.1\hk2-locator-2.6.1.jar;C:\Users\DELL\.m2\repository\org\glassfish\hk2\external\aopalliance-repackaged\2.6.1\aopalliance-repackaged-2.6.1.jar;C:\Users\DELL\.m2\repository\org\glassfish\hk2\hk2-api\2.6.1\hk2-api-2.6.1.jar;C:\Users\DELL\.m2\repository\org\glassfish\hk2\hk2-utils\2.6.1\hk2-utils-2.6.1.jar;C:\Users\DELL\.m2\repository\org\javassist\javassist\3.25.0-GA\javassist-3.25.0-GA.jar;C:\Users\DELL\.m2\repository\jakarta\xml\bind\jakarta.xml.bind-api\2.3.3\jakarta.xml.bind-api-2.3.3.jar;C:\Users\DELL\.m2\repository\jakarta\inject\jakarta.inject-api\1.0\jakarta.inject-api-1.0.jar;C:\Users\DELL\.m2\repository\io\helidon\config\helidon-config-yaml-mp\2.5.2\helidon-config-yaml-mp-2.5.2.jar;C:\Users\DELL\.m2\repository\jakarta\annotation\jakarta.annotation-api\1.3.5\jakarta.annotation-api-1.3.5.jar;C:\Users\DELL\.m2\repository\org\json\json\20180813\json-20180813.jar;C:\Users\DELL\.m2\repository\io\helidon\integrations\cdi\helidon-integrations-cdi-datasource-ucp\2.5.2\helidon-integrations-cdi-datasource-ucp-2.5.2.jar;C:\Users\DELL\.m2\repository\io\helidon\integrations\cdi\helidon-integrations-cdi-datasource\2.5.2\helidon-integrations-cdi-datasource-2.5.2.jar;C:\Users\DELL\.m2\repository\com\oracle\database\jdbc\ojdbc8\21.3.0.0\ojdbc8-21.3.0.0.jar;C:\Users\DELL\.m2\repository\com\oracle\database\jdbc\ucp\21.3.0.0\ucp-21.3.0.0.jar;C:\Users\DELL\.m2\repository\com\oracle\database\jdbc\rsi\21.3.0.0\rsi-21.3.0.0.jar;C:\Users\DELL\.m2\repository\com\oracle\database\security\oraclepki\21.3.0.0\oraclepki-21.3.0.0.jar;C:\Users\DELL\.m2\repository\com\oracle\database\security\osdt_core\21.3.0.0\osdt_core-21.3.0.0.jar;C:\Users\DELL\.m2\repository\com\oracle\database\security\osdt_cert\21.3.0.0\osdt_cert-21.3.0.0.jar;C:\Users\DELL\.m2\repository\com\oracle\database\ha\simplefan\21.3.0.0\simplefan-21.3.0.0.jar;C:\Users\DELL\.m2\repository\com\oracle\database\ha\ons\21.3.0.0\ons-21.3.0.0.jar;C:\Users\DELL\.m2\repository\com\oracle\database\nls\orai18n\21.3.0.0\orai18n-21.3.0.0.jar;C:\Users\DELL\.m2\repository\com\oracle\database\xml\xdb\21.3.0.0\xdb-21.3.0.0.jar;C:\Users\DELL\.m2\repository\com\oracle\database\xml\xmlparserv2\21.3.0.0\xmlparserv2-21.3.0.0.jar;C:\Users\DELL\.m2\repository\io\helidon\microprofile\rest-client\helidon-microprofile-rest-client\2.5.2\helidon-microprofile-rest-client-2.5.2.jar;C:\Users\DELL\.m2\repository\org\eclipse\microprofile\rest\client\microprofile-rest-client-api\2.0\microprofile-rest-client-api-2.0.jar;C:\Users\DELL\.m2\repository\io\helidon\common\helidon-common-context\2.5.2\helidon-common-context-2.5.2.jar;C:\Users\DELL\.m2\repository\org\glassfish\jersey\ext\microprofile\jersey-mp-rest-client\2.35\jersey-mp-rest-client-2.35.jar;C:\Users\DELL\.m2\repository\org\reactivestreams\reactive-streams\1.0.3\reactive-streams-1.0.3.jar;C:\Users\DELL\.m2\repository\org\glassfish\jersey\media\jersey-media-sse\2.35\jersey-media-sse-2.35.jar;C:\Users\DELL\.m2\repository\jakarta\ws\rs\jakarta.ws.rs-api\2.1.6\jakarta.ws.rs-api-2.1.6.jar;C:\Users\DELL\.m2\repository\com\fasterxml\jackson\core\jackson-databind\2.13.2.2\jackson-databind-2.13.2.2.jar;C:\Users\DELL\.m2\repository\com\fasterxml\jackson\core\jackson-annotations\2.13.2\jackson-annotations-2.13.2.jar;C:\Users\DELL\.m2\repository\com\fasterxml\jackson\core\jackson-core\2.13.2\jackson-core-2.13.2.jar;C:\Users\DELL\.m2\repository\io\helidon\microprofile\helidon-microprofile-cors\2.5.2\helidon-microprofile-cors-2.5.2.jar;C:\Users\DELL\.m2\repository\io\helidon\jersey\helidon-jersey-common\2.5.2\helidon-jersey-common-2.5.2.jar;C:\Users\DELL\.m2\repository\io\helidon\webserver\helidon-webserver\2.5.2\helidon-webserver-2.5.2.jar;C:\Users\DELL\.m2\repository\io\helidon\common\helidon-common-key-util\2.5.2\helidon-common-key-util-2.5.2.jar;C:\Users\DELL\.m2\repository\io\helidon\logging\helidon-logging-common\2.5.2\helidon-logging-common-2.5.2.jar;C:\Users\DELL\.m2\repository\io\opentracing\opentracing-util\0.33.0\opentracing-util-0.33.0.jar;C:\Users\DELL\.m2\repository\io\opentracing\opentracing-api\0.33.0\opentracing-api-0.33.0.jar;C:\Users\DELL\.m2\repository\io\opentracing\opentracing-noop\0.33.0\opentracing-noop-0.33.0.jar;C:\Users\DELL\.m2\repository\io\helidon\tracing\helidon-tracing-config\2.5.2\helidon-tracing-config-2.5.2.jar;C:\Users\DELL\.m2\repository\io\netty\netty-codec-http\4.1.77.Final\netty-codec-http-4.1.77.Final.jar;C:\Users\DELL\.m2\repository\io\netty\netty-common\4.1.77.Final\netty-common-4.1.77.Final.jar;C:\Users\DELL\.m2\repository\io\netty\netty-transport\4.1.77.Final\netty-transport-4.1.77.Final.jar;C:\Users\DELL\.m2\repository\io\netty\netty-codec\4.1.77.Final\netty-codec-4.1.77.Final.jar;C:\Users\DELL\.m2\repository\io\netty\netty-codec-http2\4.1.77.Final\netty-codec-http2-4.1.77.Final.jar;C:\Users\DELL\.m2\repository\io\netty\netty-handler\4.1.77.Final\netty-handler-4.1.77.Final.jar;C:\Users\DELL\.m2\repository\io\netty\netty-resolver\4.1.77.Final\netty-resolver-4.1.77.Final.jar;C:\Users\DELL\.m2\repository\io\helidon\webserver\helidon-webserver-jersey\2.5.2\helidon-webserver-jersey-2.5.2.jar;C:\Users\DELL\.m2\repository\io\helidon\jersey\helidon-jersey-server\2.5.2\helidon-jersey-server-2.5.2.jar;C:\Users\DELL\.m2\repository\org\glassfish\jersey\core\jersey-server\2.35\jersey-server-2.35.jar;C:\Users\DELL\.m2\repository\jakarta\validation\jakarta.validation-api\2.0.2\jakarta.validation-api-2.0.2.jar;C:\Users\DELL\.m2\repository\io\netty\netty-buffer\4.1.77.Final\netty-buffer-4.1.77.Final.jar;C:\Users\DELL\.m2\repository\io\helidon\webserver\helidon-webserver-cors\2.5.2\helidon-webserver-cors-2.5.2.jar;C:\Users\DELL\.m2\repository\io\helidon\config\helidon-config-mp\2.5.2\helidon-config-mp-2.5.2.jar;C:\Users\DELL\.m2\repository\jakarta\enterprise\jakarta.enterprise.cdi-api\2.0.2\jakarta.enterprise.cdi-api-2.0.2.jar;C:\Users\DELL\.m2\repository\jakarta\el\jakarta.el-api\3.0.3\jakarta.el-api-3.0.3.jar;C:\Users\DELL\.m2\repository\io\helidon\microprofile\openapi\helidon-microprofile-openapi\2.5.2\helidon-microprofile-openapi-2.5.2.jar;C:\Users\DELL\.m2\repository\io\helidon\openapi\helidon-openapi\2.5.2\helidon-openapi-2.5.2.jar;C:\Users\DELL\.m2\repository\io\smallrye\smallrye-open-api-core\2.0.26\smallrye-open-api-core-2.0.26.jar;C:\Users\DELL\.m2\repository\org\jboss\logging\jboss-logging\3.2.1.Final\jboss-logging-3.2.1.Final.jar;C:\Users\DELL\.m2\repository\io\smallrye\smallrye-open-api-jaxrs\2.0.26\smallrye-open-api-jaxrs-2.0.26.jar;C:\Users\DELL\.m2\repository\org\eclipse\yasson\1.0.11\yasson-1.0.11.jar;C:\Users\DELL\.m2\repository\jakarta\json\bind\jakarta.json.bind-api\1.0.2\jakarta.json.bind-api-1.0.2.jar;C:\Users\DELL\.m2\repository\org\glassfish\jakarta.json\1.1.6\jakarta.json-1.1.6-module.jar;C:\Users\DELL\.m2\repository\org\yaml\snakeyaml\1.30\snakeyaml-1.30.jar;C:\Users\DELL\.m2\repository\org\eclipse\microprofile\openapi\microprofile-openapi-api\1.2\microprofile-openapi-api-1.2.jar;C:\Users\DELL\.m2\repository\org\projectlombok\lombok\1.18.24\lombok-1.18.24.jar;C:\Users\DELL\.m2\repository\org\glassfish\jersey\media\jersey-media-json-jackson\2.35\jersey-media-json-jackson-2.35.jar;C:\Users\DELL\.m2\repository\org\glassfish\jersey\core\jersey-common\2.35\jersey-common-2.35.jar;C:\Users\DELL\.m2\repository\org\glassfish\hk2\external\jakarta.inject\2.6.1\jakarta.inject-2.6.1.jar;C:\Users\DELL\.m2\repository\org\glassfish\hk2\osgi-resource-locator\1.0.3\osgi-resource-locator-1.0.3.jar;C:\Users\DELL\.m2\repository\org\glassfish\jersey\ext\jersey-entity-filtering\2.35\jersey-entity-filtering-2.35.jar;C:\Users\DELL\.m2\repository\com\fasterxml\jackson\module\jackson-module-jaxb-annotations\2.13.2\jackson-module-jaxb-annotations-2.13.2.jar;C:\Users\DELL\.m2\repository\jakarta\activation\jakarta.activation-api\1.2.2\jakarta.activation-api-1.2.2.jar;"/>
    <property name="sun.cpu.endian" value="little"/>
    <property name="user.home" value="C:\Users\DELL"/>
    <property name="user.language" value="en"/>
    <property name="java.specification.vendor" value="Oracle Corporation"/>
    <property name="io.netty.allocator.maxOrder" value="6"/>
    <property name="java.version.date" value="2022-01-18"/>
    <property name="java.home" value="C:\Program Files\Java\jdk-11.0.14"/>
    <property name="file.separator" value="\"/>
    <property name="basedir" value="D:\Rakesh\PAYEE\payeejdbc"/>
    <property name="java.vm.compressedOopsMode" value="Zero based"/>
    <property name="line.separator" value="&#10;"/>
    <property name="java.specification.name" value="Java Platform API Specification"/>
    <property name="java.vm.specification.vendor" value="Oracle Corporation"/>
    <property name="java.awt.graphicsenv" value="sun.awt.Win32GraphicsEnvironment"/>
    <property name="surefire.real.class.path" value="C:\Users\DELL\AppData\Local\Temp\surefire3993252765346091153\surefirebooter6739549161114172088.jar"/>
    <property name="user.script" value=""/>
    <property name="java.util.logging.config.file" value="D:\Rakesh\PAYEE\payeejdbc\target\classes/logging.properties"/>
    <property name="sun.management.compiler" value="HotSpot 64-Bit Tiered Compilers"/>
    <property name="java.runtime.version" value="11.0.14+8-LTS-263"/>
    <property name="user.name" value="DELL"/>
    <property name="path.separator" value=";"/>
    <property name="os.version" value="10.0"/>
    <property name="java.runtime.name" value="Java(TM) SE Runtime Environment"/>
    <property name="file.encoding" value="Cp1252"/>
    <property name="java.vm.name" value="Java HotSpot(TM) 64-Bit Server VM"/>
    <property name="java.vendor.version" value="18.9"/>
    <property name="localRepository" value="C:\Users\DELL\.m2\repository"/>
    <property name="jersey.config.client.ignoreExceptionResponse" value="true"/>
    <property name="java.vendor.url.bug" value="https://bugreport.java.com/bugreport/"/>
    <property name="java.io.tmpdir" value="C:\Users\DELL\AppData\Local\Temp\"/>
    <property name="java.version" value="11.0.14"/>
    <property name="user.dir" value="D:\Rakesh\PAYEE\payeejdbc"/>
    <property name="os.arch" value="amd64"/>
    <property name="java.vm.specification.name" value="Java Virtual Machine Specification"/>
    <property name="java.awt.printerjob" value="sun.awt.windows.WPrinterJob"/>
    <property name="sun.os.patch.level" value=""/>
    <property name="java.library.path" value="C:\Program Files\Java\jdk-11.0.14\bin;C:\Windows\Sun\Java\bin;C:\Windows\system32;C:\Windows;C:\app\DELL\product\21c\dbhomeXE\bin;C:\Program Files\Common Files\Oracle\Java\javapath;C:\Windows\system32;C:\Windows;C:\Windows\System32\Wbem;C:\Windows\System32\WindowsPowerShell\v1.0\;C:\Windows\System32\OpenSSH\;C:\Program Files\Git\cmd;C:\Program Files (x86)\Intel\Intel(R) Management Engine Components\DAL;C:\Program Files\Intel\Intel(R) Management Engine Components\DAL;C:\Program Files\Docker\Docker\resources\bin;C:\ProgramData\DockerDesktop\version-bin;C:\Program Files\nodejs\;C:\ProgramData\chocolatey\bin;C:\Program Files\PuTTY\;C:\Users\DELL\AppData\Local\Microsoft\WindowsApps;C:\apache-maven\bin;C:\Program Files\Java\jdk-11.0.14\bin;C:\Program Files\heroku\bin;C:\Users\DELL\AppData\Local\Programs\Microsoft VS Code\bin;C:\Users\DELL\AppData\Roaming\npm;C:\Program Files\RedHat\Podman;."/>
    <property name="java.vendor" value="Oracle Corporation"/>
    <property name="java.vm.info" value="mixed mode"/>
    <property name="java.vm.version" value="11.0.14+8-LTS-263"/>
    <property name="sun.io.unicode.encoding" value="UnicodeLittle"/>
    <property name="java.class.version" value="55.0"/>
  </properties>
  <testcase name="testHelloWorld" classname="gov.payeejdbc.payeejdbc.MainTest" time="0.418">
    <system-out><![CDATA[2022.09.13 12:06:30 WARN org.jboss.weld.Bootstrap Thread[ForkJoinPool.commonPool-worker-5,5,main]: WELD-000167: Class gov.payeejdbc.payeejdbc.common.JanAadhar is annotated with @Dependent but it does not declare an appropriate constructor therefore is not registered as a bean!
2022.09.13 12:06:30 WARN org.jboss.weld.Bootstrap Thread[ForkJoinPool.commonPool-worker-9,5,main]: WELD-000167: Class gov.payeejdbc.payeejdbc.common.JanaadhaarMemberId is annotated with @Dependent but it does not declare an appropriate constructor therefore is not registered as a bean!
2022.09.13 12:06:31 INFO io.helidon.common.LogConfig Thread[main,5,main]: Logging at initialization configured using D:\Rakesh\PAYEE\payeejdbc\target\classes\logging.properties
2022.09.13 12:06:31 INFO io.helidon.microprofile.server.ServerCdiExtension Thread[main,5,main]: Registering JAX-RS Application: HelidonMP
2022.09.13 12:06:32 INFO io.helidon.webserver.NettyWebServer Thread[nioEventLoopGroup-2-1,10,main]: Channel '@default' started: [id: 0x41aad5b7, L:/0:0:0:0:0:0:0:0:65235]
2022.09.13 12:06:32 INFO io.helidon.microprofile.server.ServerCdiExtension Thread[main,5,main]: Server started on http://localhost:65235 (and all other host addresses) in 3360 milliseconds (since JVM startup).
2022.09.13 12:06:32 INFO io.helidon.common.HelidonFeatures Thread[features-thread,5,main]: Helidon MP 2.5.2 features: [CDI, Config, Health, JAX-RS, Metrics, Open API, REST Client, Server]
]]></system-out>
  </testcase>
</testsuite>